c:\users\ecoff\source\repos\directx12\a1\starter\x64\debug\vc143.pdb
c:\users\ecoff\source\repos\directx12\a1\starter\x64\debug\vc143.idb
c:\users\ecoff\source\repos\directx12\a1\starter\x64\debug\world.obj
c:\users\ecoff\source\repos\directx12\a1\starter\x64\debug\spritenode.obj
c:\users\ecoff\source\repos\directx12\a1\starter\x64\debug\scenenode.obj
c:\users\ecoff\source\repos\directx12\a1\starter\x64\debug\main.obj
c:\users\ecoff\source\repos\directx12\a1\starter\x64\debug\game.obj
c:\users\ecoff\source\repos\directx12\a1\starter\x64\debug\frameresource.obj
c:\users\ecoff\source\repos\directx12\a1\starter\x64\debug\entity.obj
c:\users\ecoff\source\repos\directx12\a1\starter\x64\debug\aircraft.obj
c:\users\ecoff\source\repos\directx12\a1\starter\x64\debug\mathhelper.obj
c:\users\ecoff\source\repos\directx12\a1\starter\x64\debug\geometrygenerator.obj
c:\users\ecoff\source\repos\directx12\a1\starter\x64\debug\gametimer.obj
c:\users\ecoff\source\repos\directx12\a1\starter\x64\debug\ddstextureloader.obj
c:\users\ecoff\source\repos\directx12\a1\starter\x64\debug\d3dutil.obj
c:\users\ecoff\source\repos\directx12\a1\starter\x64\debug\d3dapp.obj
c:\users\ecoff\source\repos\directx12\a1\starter\x64\debug\camera.obj
c:\users\ecoff\source\repos\directx12\a1\x64\debug\starter.exe
c:\users\ecoff\source\repos\directx12\a1\starter\x64\debug\starter.ilk
c:\users\ecoff\source\repos\directx12\a1\x64\debug\starter.pdb
c:\users\ecoff\source\repos\directx12\a1\starter\x64\debug\starter.tlog\cl.command.1.tlog
c:\users\ecoff\source\repos\directx12\a1\starter\x64\debug\starter.tlog\cl.read.1.tlog
c:\users\ecoff\source\repos\directx12\a1\starter\x64\debug\starter.tlog\cl.write.1.tlog
c:\users\ecoff\source\repos\directx12\a1\starter\x64\debug\starter.tlog\link.command.1.tlog
c:\users\ecoff\source\repos\directx12\a1\starter\x64\debug\starter.tlog\link.read.1.tlog
c:\users\ecoff\source\repos\directx12\a1\starter\x64\debug\starter.tlog\link.write.1.tlog
